<?xml version="1.0" encoding="UTF-8"?>
<testng-results ignored="6" total="13" passed="7" failed="0" skipped="0">
  <reporter-output>
  </reporter-output>
  <suite started-at="2022-09-28T16:25:09 IST" name="Suite" finished-at="2022-09-28T16:25:09 IST" duration-ms="129">
    <groups>
      <group name="Smoke">
        <method signature="HomeLoanApplicationTests.APIHomeLoan()[pri:0, instance:loanapplications.HomeLoanApplicationTests@2b4bac49]" name="APIHomeLoan" class="loanapplications.HomeLoanApplicationTests"/>
      </group> <!-- Smoke -->
    </groups>
    <test started-at="2022-09-28T16:25:09 IST" name="HomeLoanTests" finished-at="2022-09-28T16:25:09 IST" duration-ms="52">
      <class name="loanapplications.HomeLoanApplicationTests">
        <test-method is-config="true" signature="setupTestData()[pri:0, instance:loanapplications.HomeLoanApplicationTests@2b4bac49]" started-at="2022-09-28T16:25:09 IST" name="setupTestData" finished-at="2022-09-28T16:25:09 IST" duration-ms="1" status="PASS">
          <reporter-output>
          </reporter-output>
        </test-method> <!-- setupTestData -->
        <test-method is-config="true" signature="dosomething()[pri:0, instance:loanapplications.HomeLoanApplicationTests@2b4bac49]" started-at="2022-09-28T16:25:09 IST" name="dosomething" finished-at="2022-09-28T16:25:09 IST" duration-ms="0" status="PASS">
          <reporter-output>
          </reporter-output>
        </test-method> <!-- dosomething -->
        <test-method signature="APIHomeLoan()[pri:0, instance:loanapplications.HomeLoanApplicationTests@2b4bac49]" started-at="2022-09-28T16:25:09 IST" name="APIHomeLoan" finished-at="2022-09-28T16:25:09 IST" duration-ms="5" status="PASS">
          <reporter-output>
          </reporter-output>
        </test-method> <!-- APIHomeLoan -->
        <test-method is-config="true" signature="dosomething()[pri:0, instance:loanapplications.HomeLoanApplicationTests@2b4bac49]" started-at="2022-09-28T16:25:09 IST" name="dosomething" finished-at="2022-09-28T16:25:09 IST" duration-ms="1" status="PASS">
          <reporter-output>
          </reporter-output>
        </test-method> <!-- dosomething -->
        <test-method signature="HomeLoanLoginAPI()[pri:0, instance:loanapplications.HomeLoanApplicationTests@2b4bac49]" started-at="2022-09-28T16:25:09 IST" name="HomeLoanLoginAPI" finished-at="2022-09-28T16:25:09 IST" duration-ms="1" status="PASS">
          <reporter-output>
          </reporter-output>
        </test-method> <!-- HomeLoanLoginAPI -->
        <test-method is-config="true" signature="dosomething()[pri:0, instance:loanapplications.HomeLoanApplicationTests@2b4bac49]" started-at="2022-09-28T16:25:09 IST" name="dosomething" finished-at="2022-09-28T16:25:09 IST" duration-ms="0" status="PASS">
          <reporter-output>
          </reporter-output>
        </test-method> <!-- dosomething -->
        <test-method signature="HomeLoanLoginMobile()[pri:0, instance:loanapplications.HomeLoanApplicationTests@2b4bac49]" started-at="2022-09-28T16:25:09 IST" name="HomeLoanLoginMobile" finished-at="2022-09-28T16:25:09 IST" duration-ms="1" status="PASS">
          <reporter-output>
          </reporter-output>
        </test-method> <!-- HomeLoanLoginMobile -->
        <test-method signature="HomeLoanLoginWeb()[pri:0, instance:loanapplications.HomeLoanApplicationTests@2b4bac49]" started-at="2022-09-28T16:25:09 IST" name="HomeLoanLoginWeb" finished-at="2022-09-28T16:25:09 IST" duration-ms="1" status="PASS">
          <reporter-output>
          </reporter-output>
        </test-method> <!-- HomeLoanLoginWeb -->
        <test-method is-config="true" signature="dosomething()[pri:0, instance:loanapplications.HomeLoanApplicationTests@2b4bac49]" started-at="2022-09-28T16:25:09 IST" name="dosomething" finished-at="2022-09-28T16:25:09 IST" duration-ms="0" status="PASS">
          <reporter-output>
          </reporter-output>
        </test-method> <!-- dosomething -->
        <test-method signature="MobileHomeLoan()[pri:0, instance:loanapplications.HomeLoanApplicationTests@2b4bac49]" started-at="2022-09-28T16:25:09 IST" name="MobileHomeLoan" finished-at="2022-09-28T16:25:09 IST" duration-ms="1" status="PASS">
          <reporter-output>
          </reporter-output>
        </test-method> <!-- MobileHomeLoan -->
        <test-method is-config="true" signature="dosomething()[pri:0, instance:loanapplications.HomeLoanApplicationTests@2b4bac49]" started-at="2022-09-28T16:25:09 IST" name="dosomething" finished-at="2022-09-28T16:25:09 IST" duration-ms="0" status="PASS">
          <reporter-output>
          </reporter-output>
        </test-method> <!-- dosomething -->
        <test-method is-config="true" signature="cleanupTestData()[pri:0, instance:loanapplications.HomeLoanApplicationTests@2b4bac49]" started-at="2022-09-28T16:25:09 IST" name="cleanupTestData" finished-at="2022-09-28T16:25:09 IST" duration-ms="0" status="PASS">
          <reporter-output>
          </reporter-output>
        </test-method> <!-- cleanupTestData -->
      </class> <!-- loanapplications.HomeLoanApplicationTests -->
    </test> <!-- HomeLoanTests -->
    <test started-at="2022-09-28T16:25:09 IST" name="PersonalLoanTests" finished-at="2022-09-28T16:25:09 IST" duration-ms="3">
      <class name="loanapplications.PersonalLoanApplicationTests">
        <test-method signature="PersonalLoanLoginAPI()[pri:0, instance:loanapplications.PersonalLoanApplicationTests@4da4253]" started-at="2022-09-28T16:25:09 IST" name="PersonalLoanLoginAPI" finished-at="2022-09-28T16:25:09 IST" duration-ms="1" status="PASS">
          <reporter-output>
          </reporter-output>
        </test-method> <!-- PersonalLoanLoginAPI -->
      </class> <!-- loanapplications.PersonalLoanApplicationTests -->
    </test> <!-- PersonalLoanTests -->
    <test started-at="2022-09-28T16:25:09 IST" name="CarLoanTests" finished-at="2022-09-28T16:25:09 IST" duration-ms="9">
      <class name="loanapplications.CarLoanApplicationTests">
        <test-method signature="CarLoanLoginAPI()[pri:0, instance:loanapplications.CarLoanApplicationTests@19d481b]" started-at="2022-09-28T16:25:09 IST" name="CarLoanLoginAPI" finished-at="2022-09-28T16:25:09 IST" duration-ms="7" status="PASS">
          <reporter-output>
          </reporter-output>
        </test-method> <!-- CarLoanLoginAPI -->
      </class> <!-- loanapplications.CarLoanApplicationTests -->
      <class name="loanapplications.HomeLoanApplicationTests">
        <test-method is-config="true" signature="startDatabase()[pri:0, instance:loanapplications.HomeLoanApplicationTests@2b4bac49]" started-at="2022-09-28T16:25:09 IST" name="startDatabase" finished-at="2022-09-28T16:25:09 IST" duration-ms="6" status="PASS">
          <reporter-output>
          </reporter-output>
        </test-method> <!-- startDatabase -->
      </class> <!-- loanapplications.HomeLoanApplicationTests -->
    </test> <!-- CarLoanTests -->
  </suite> <!-- Suite -->
</testng-results>
