<?xml version="1.0" encoding="UTF-8"?>
<!-- Generated by org.testng.reporters.JUnitXMLReporter -->
<testsuite ignored="0" hostname="DESKTOP-FVSLPKP" failures="0" tests="4" name="Default test" time="55.051" errors="0" timestamp="2022-10-10T23:43:54 IST">
  <testcase classname="com.phase5.NewTest" name="LaunchChrome" time="2.02"/>
  <testcase classname="com.phase5.NewTest" name="LaunchFirefox" time="4.017"/>
  <testcase classname="com.phase5.NewTest" name="f" time="18.214"/>
  <testcase classname="com.phase5.NewTest" name="firefox" time="30.743"/>
</testsuite> <!-- Default test -->
