<?xml version="1.0" encoding="UTF-8"?>
<!-- Generated by org.testng.reporters.JUnitXMLReporter -->
<testsuite ignored="0" hostname="DESKTOP-FVSLPKP" failures="0" tests="4" name="Default test" time="14.221" errors="0" timestamp="2022-09-30T17:14:41 IST">
  <testcase classname="com.testng.NewTest" name="ValidateLoginScript" time="3.232"/>
  <testcase classname="com.testng.NewTest" name="addDetailToRegisterForm" time="1.916"/>
  <testcase classname="com.testng.NewTest" name="addToCart" time="2.634"/>
  <testcase classname="com.testng.NewTest" name="addDetailsToLoginForm" time="6.352"/>
</testsuite> <!-- Default test -->
