<?xml version="1.0" encoding="UTF-8"?>
<!-- Generated by org.testng.reporters.JUnitXMLReporter -->
<testsuite ignored="0" hostname="DESKTOP-FVSLPKP" failures="0" tests="4" name="Default test" time="14.608" errors="0" timestamp="2022-10-10T22:57:26 IST">
  <testcase classname="com.testng.NewTest" name="ValidateLoginScript" time="3.664"/>
  <testcase classname="com.testng.NewTest" name="addDetailToRegisterForm" time="1.919"/>
  <testcase classname="com.testng.NewTest" name="addToCart" time="2.617"/>
  <testcase classname="com.testng.NewTest" name="addDetailsToLoginForm" time="6.352"/>
</testsuite> <!-- Default test -->
