<?xml version="1.0" encoding="UTF-8"?>
<testng-results ignored="0" total="4" passed="4" failed="0" skipped="0">
  <reporter-output>
  </reporter-output>
  <suite started-at="2022-10-10T22:57:12 IST" name="Default suite" finished-at="2022-10-10T22:57:26 IST" duration-ms="14608">
    <groups>
    </groups>
    <test started-at="2022-10-10T22:57:12 IST" name="Default test" finished-at="2022-10-10T22:57:26 IST" duration-ms="14608">
      <class name="com.testng.NewTest">
        <test-method signature="ValidateLoginScript()[pri:0, instance:com.testng.NewTest@543588e6]" started-at="2022-10-10T22:57:12 IST" name="ValidateLoginScript" finished-at="2022-10-10T22:57:15 IST" duration-ms="3664" status="PASS">
          <reporter-output>
          </reporter-output>
        </test-method> <!-- ValidateLoginScript -->
        <test-method signature="addDetailToRegisterForm()[pri:1, instance:com.testng.NewTest@543588e6]" started-at="2022-10-10T22:57:15 IST" name="addDetailToRegisterForm" finished-at="2022-10-10T22:57:17 IST" duration-ms="1919" status="PASS">
          <reporter-output>
          </reporter-output>
        </test-method> <!-- addDetailToRegisterForm -->
        <test-method signature="addToCart()[pri:2, instance:com.testng.NewTest@543588e6]" started-at="2022-10-10T22:57:17 IST" name="addToCart" finished-at="2022-10-10T22:57:20 IST" duration-ms="2617" status="PASS">
          <reporter-output>
          </reporter-output>
        </test-method> <!-- addToCart -->
        <test-method signature="addDetailsToLoginForm()[pri:3, instance:com.testng.NewTest@543588e6]" started-at="2022-10-10T22:57:20 IST" name="addDetailsToLoginForm" finished-at="2022-10-10T22:57:26 IST" duration-ms="6352" status="PASS">
          <reporter-output>
          </reporter-output>
        </test-method> <!-- addDetailsToLoginForm -->
      </class> <!-- com.testng.NewTest -->
    </test> <!-- Default test -->
  </suite> <!-- Default suite -->
</testng-results>
