<?xml version="1.0" encoding="UTF-8"?>
<testng-results ignored="0" total="4" passed="4" failed="0" skipped="0">
  <reporter-output>
  </reporter-output>
  <suite started-at="2022-09-30T17:14:27 IST" name="Default suite" finished-at="2022-09-30T17:14:41 IST" duration-ms="14221">
    <groups>
    </groups>
    <test started-at="2022-09-30T17:14:27 IST" name="Default test" finished-at="2022-09-30T17:14:41 IST" duration-ms="14221">
      <class name="com.testng.NewTest">
        <test-method signature="ValidateLoginScript()[pri:0, instance:com.testng.NewTest@543588e6]" started-at="2022-09-30T17:14:27 IST" name="ValidateLoginScript" finished-at="2022-09-30T17:14:30 IST" duration-ms="3232" status="PASS">
          <reporter-output>
          </reporter-output>
        </test-method> <!-- ValidateLoginScript -->
        <test-method signature="addDetailToRegisterForm()[pri:1, instance:com.testng.NewTest@543588e6]" started-at="2022-09-30T17:14:30 IST" name="addDetailToRegisterForm" finished-at="2022-09-30T17:14:32 IST" duration-ms="1916" status="PASS">
          <reporter-output>
          </reporter-output>
        </test-method> <!-- addDetailToRegisterForm -->
        <test-method signature="addToCart()[pri:2, instance:com.testng.NewTest@543588e6]" started-at="2022-09-30T17:14:32 IST" name="addToCart" finished-at="2022-09-30T17:14:35 IST" duration-ms="2634" status="PASS">
          <reporter-output>
          </reporter-output>
        </test-method> <!-- addToCart -->
        <test-method signature="addDetailsToLoginForm()[pri:3, instance:com.testng.NewTest@543588e6]" started-at="2022-09-30T17:14:35 IST" name="addDetailsToLoginForm" finished-at="2022-09-30T17:14:41 IST" duration-ms="6352" status="PASS">
          <reporter-output>
          </reporter-output>
        </test-method> <!-- addDetailsToLoginForm -->
      </class> <!-- com.testng.NewTest -->
    </test> <!-- Default test -->
  </suite> <!-- Default suite -->
</testng-results>
