<?xml version="1.0" encoding="UTF-8"?>
<!-- Generated by org.testng.reporters.JUnitXMLReporter -->
<testsuite ignored="0" hostname="DESKTOP-FVSLPKP" failures="0" tests="8" name="Test" time="0.056" errors="0" timestamp="2022-09-27T23:03:24 IST">
  <testcase classname="testpkg.sample1" name="demo" time="0.006"/>
  <testcase classname="testpkg.sample2" name="demo" time="0.001"/>
  <testcase classname="loanapplications.CarLoanApplicationTests" name="CarLoanLoginAPI" time="0.002"/>
  <testcase classname="loanapplications.CarLoanApplicationTests" name="CarLoanLoginMobile" time="0.001"/>
  <testcase classname="loanapplications.CarLoanApplicationTests" name="CarLoanLoginWeb" time="0.001"/>
  <testcase classname="loanapplications.HomeLoanApplicationTests" name="APIHomeLoan" time="0.001"/>
  <testcase classname="loanapplications.HomeLoanApplicationTests" name="MobileHomeLoan" time="0.001"/>
  <testcase classname="loanapplications.HomeLoanApplicationTests" name="WebHomeLoan" time="0.001"/>
</testsuite> <!-- Test -->
